<?xml version="1.0" encoding="UTF-8"?>
<testsuite name="com.searchio.interview.fetcher.RemoteStoreFetcherTest" tests="2" skipped="0" failures="0" errors="0" timestamp="2022-02-25T01:12:52" hostname="serpents-kiss.lan" time="0.003">
  <properties/>
  <testcase name="testGet()" classname="com.searchio.interview.fetcher.RemoteStoreFetcherTest" time="0.002"/>
  <testcase name="testSave()" classname="com.searchio.interview.fetcher.RemoteStoreFetcherTest" time="0.001"/>
  <system-out><![CDATA[]]></system-out>
  <system-err><![CDATA[]]></system-err>
</testsuite>
